C:\USERS\510\DOCUMENTS\GITHUB\BACKMARK\YUVVIEWER源码\DEBUG\YUVVIEWER.PCH
C:\USERS\510\DOCUMENTS\GITHUB\BACKMARK\YUVVIEWER源码\DEBUG\STDAFX.SBR
C:\USERS\510\DOCUMENTS\GITHUB\BACKMARK\YUVVIEWER源码\DEBUG\STDAFX.OBJ
C:\USERS\510\DOCUMENTS\GITHUB\BACKMARK\YUVVIEWER源码\DEBUG\VC110.PDB
C:\USERS\510\DOCUMENTS\GITHUB\BACKMARK\YUVVIEWER源码\DEBUG\YUVVIEWERDLG.SBR
C:\USERS\510\DOCUMENTS\GITHUB\BACKMARK\YUVVIEWER源码\DEBUG\YUVVIEWER.SBR
C:\USERS\510\DOCUMENTS\GITHUB\BACKMARK\YUVVIEWER源码\DEBUG\CHILDWINDOW.SBR
C:\USERS\510\DOCUMENTS\GITHUB\BACKMARK\YUVVIEWER源码\DEBUG\CHILDWINDOW.OBJ
C:\USERS\510\DOCUMENTS\GITHUB\BACKMARK\YUVVIEWER源码\DEBUG\YUVVIEWER.OBJ
C:\Users\510\Documents\GitHub\backmark\YUVviewer源码\Debug\ChildWindow.obj
C:\Users\510\Documents\GitHub\backmark\YUVviewer源码\Debug\StdAfx.obj
C:\Users\510\Documents\GitHub\backmark\YUVviewer源码\Debug\YUVviewer.obj
C:\Users\510\Documents\GitHub\backmark\YUVviewer源码\Debug\cl.command.1.tlog
C:\Users\510\Documents\GitHub\backmark\YUVviewer源码\Debug\CL.read.1.tlog
C:\Users\510\Documents\GitHub\backmark\YUVviewer源码\Debug\CL.write.1.tlog
C:\Users\510\Documents\GitHub\backmark\YUVviewer源码\Debug\YUVviewer.pch
C:\Users\510\Documents\GitHub\backmark\YUVviewer源码\Debug\vc110.idb
C:\Users\510\Documents\GitHub\backmark\YUVviewer源码\Debug\vc110.pdb
C:\Users\510\Documents\GitHub\backmark\YUVviewer源码\Debug\ChildWindow.sbr
C:\Users\510\Documents\GitHub\backmark\YUVviewer源码\Debug\StdAfx.sbr
C:\Users\510\Documents\GitHub\backmark\YUVviewer源码\Debug\YUVviewer.sbr
C:\Users\510\Documents\GitHub\backmark\YUVviewer源码\Debug\YUVviewerDlg.sbr
